<?xml version="1.0" encoding="UTF-8"?>
<testsuite xmlns:xsi="http://www.w3.org/2001/XMLSchema-instance" xsi:noNamespaceSchemaLocation="https://maven.apache.org/surefire/maven-surefire-plugin/xsd/surefire-test-report-3.0.xsd" version="3.0" name="Validating place apis" time="32.776" tests="2" errors="0" skipped="0" failures="0">
  <properties>
[...]
</properties>
  <testcase name="verify if add place API is working #1" classname="Validating place apis" time="26.943">
    <system-out><![CDATA[testBart
testBart
to jest odpowiedz api String
to jest odpowiedz api String
to jest odpowiedz api String
to jest odpowiedz api String
BBBBBBBBBBBBBBBBBBBBBBBBBBBBBBB
d6bc76be07ca42a92b0ba4be0ee39cf9
language bart one
]]></system-out>
  </testcase>
  <testcase name="verify if add place API is working #2" classname="Validating place apis" time="4.722">
    <system-out><![CDATA[testBart
testBart
to jest odpowiedz api String
to jest odpowiedz api String
to jest odpowiedz api String
to jest odpowiedz api String
BBBBBBBBBBBBBBBBBBBBBBBBBBBBBBB
a6796a83ba29ada5114d9b882290fcf3
language bart two
]]></system-out>
  </testcase>
</testsuite>